{"/Users/tom/Documents/sites/kesey/src/kesey/component.spec.jsx":{"path":"/Users/tom/Documents/sites/kesey/src/kesey/component.spec.jsx","s":{"1":1,"2":1,"3":1,"4":1,"5":1,"6":1,"7":1,"8":1,"9":1,"10":1,"11":4,"12":1,"13":1,"14":1,"15":1,"16":2,"17":1,"18":1,"19":1,"20":1},"b":{"1":[1,3],"2":[4,4]},"f":{"1":4,"2":1,"3":2,"4":1,"5":1},"fnMap":{"1":{"name":"_interopRequireDefault","line":19,"loc":{"start":{"line":0,"column":0},"end":{"line":0,"column":0},"skip":true},"skip":true},"2":{"name":"(anonymous_2)","line":23,"loc":{"start":{"line":9,"column":28},"end":{"line":9,"column":34}}},"3":{"name":"(anonymous_3)","line":25,"loc":{"start":{"line":11,"column":13},"end":{"line":11,"column":19}}},"4":{"name":"(anonymous_4)","line":28,"loc":{"start":{"line":14,"column":21},"end":{"line":14,"column":27}}},"5":{"name":"(anonymous_5)","line":31,"loc":{"start":{"line":17,"column":43},"end":{"line":17,"column":49}}}},"statementMap":{"1":{"start":{"line":1,"column":-15},"end":{"line":1,"column":-15}},"2":{"start":{"line":0,"column":0},"end":{"line":0,"column":0},"skip":true},"3":{"start":{"line":2,"column":0},"end":{"line":2,"column":0}},"4":{"start":{"line":0,"column":0},"end":{"line":0,"column":0},"skip":true},"5":{"start":{"line":3,"column":0},"end":{"line":3,"column":0}},"6":{"start":{"line":0,"column":0},"end":{"line":0,"column":0},"skip":true},"7":{"start":{"line":4,"column":0},"end":{"line":4,"column":0}},"8":{"start":{"line":5,"column":0},"end":{"line":5,"column":0}},"9":{"start":{"line":0,"column":0},"end":{"line":0,"column":0},"skip":true},"10":{"start":{"line":0,"column":0},"end":{"line":0,"column":0},"skip":true},"11":{"start":{"line":0,"column":0},"end":{"line":0,"column":0},"skip":true},"12":{"start":{"line":7,"column":0},"end":{"line":7,"column":0}},"13":{"start":{"line":9,"column":0},"end":{"line":9,"column":0}},"14":{"start":{"line":10,"column":2},"end":{"line":10,"column":2}},"15":{"start":{"line":11,"column":2},"end":{"line":11,"column":2}},"16":{"start":{"line":12,"column":4},"end":{"line":12,"column":4}},"17":{"start":{"line":14,"column":2},"end":{"line":14,"column":2}},"18":{"start":{"line":15,"column":4},"end":{"line":15,"column":4}},"19":{"start":{"line":17,"column":2},"end":{"line":17,"column":2}},"20":{"start":{"line":18,"column":4},"end":{"line":18,"column":4}}},"branchMap":{"1":{"line":19,"type":"cond-expr","locations":[{"start":{"line":0,"column":0},"end":{"line":0,"column":0},"skip":true},{"start":{"line":0,"column":0},"end":{"line":0,"column":0},"skip":true}]},"2":{"line":19,"type":"binary-expr","locations":[{"start":{"line":0,"column":0},"end":{"line":0,"column":0},"skip":true},{"start":{"line":0,"column":0},"end":{"line":0,"column":0},"skip":true}]}}},"/Users/tom/Documents/sites/kesey/src/kesey/component.jsx":{"path":"/Users/tom/Documents/sites/kesey/src/kesey/component.jsx","s":{"1":1,"2":1,"3":1,"4":1,"5":1,"6":1,"7":2,"8":1},"b":{"1":[0,1],"2":[1,1]},"f":{"1":1,"2":2},"fnMap":{"1":{"name":"_interopRequireDefault","line":9,"loc":{"start":{"line":0,"column":0},"end":{"line":0,"column":0},"skip":true},"skip":true},"2":{"name":"Kesey","line":11,"loc":{"start":{"line":3,"column":14},"end":{"line":3,"column":14}}}},"statementMap":{"1":{"start":{"line":0,"column":0},"end":{"line":0,"column":0},"skip":true},"2":{"start":{"line":1,"column":-15},"end":{"line":1,"column":-15}},"3":{"start":{"line":0,"column":0},"end":{"line":0,"column":0},"skip":true},"4":{"start":{"line":0,"column":0},"end":{"line":0,"column":0},"skip":true},"5":{"start":{"line":0,"column":0},"end":{"line":0,"column":0},"skip":true},"6":{"start":{"line":3,"column":0},"end":{"line":3,"column":0}},"7":{"start":{"line":3,"column":14},"end":{"line":3,"column":14}},"8":{"start":{"line":0,"column":0},"end":{"line":0,"column":0},"skip":true}},"branchMap":{"1":{"line":9,"type":"cond-expr","locations":[{"start":{"line":0,"column":0},"end":{"line":0,"column":0},"skip":true},{"start":{"line":0,"column":0},"end":{"line":0,"column":0},"skip":true}]},"2":{"line":9,"type":"binary-expr","locations":[{"start":{"line":0,"column":0},"end":{"line":0,"column":0},"skip":true},{"start":{"line":0,"column":0},"end":{"line":0,"column":0},"skip":true}]}}}}