TN:
SF:/Users/tom/Documents/sites/kesey/src/kesey/component.spec.jsx
FN:19,_interopRequireDefault
FN:23,(anonymous_2)
FN:25,(anonymous_3)
FN:28,(anonymous_4)
FN:31,(anonymous_5)
FNF:5
FNH:5
FNDA:4,_interopRequireDefault
FNDA:1,(anonymous_2)
FNDA:2,(anonymous_3)
FNDA:1,(anonymous_4)
FNDA:1,(anonymous_5)
DA:0,4
DA:1,1
DA:2,1
DA:3,1
DA:4,1
DA:5,1
DA:7,1
DA:9,1
DA:10,1
DA:11,1
DA:12,2
DA:14,1
DA:15,1
DA:17,1
DA:18,1
LF:15
LH:15
BRDA:19,1,0,1
BRDA:19,1,1,3
BRDA:19,2,0,4
BRDA:19,2,1,4
BRF:4
BRH:4
end_of_record
TN:
SF:/Users/tom/Documents/sites/kesey/src/kesey/component.jsx
FN:9,_interopRequireDefault
FN:11,Kesey
FNF:2
FNH:2
FNDA:1,_interopRequireDefault
FNDA:2,Kesey
DA:0,1
DA:1,1
DA:3,2
LF:3
LH:3
BRDA:9,1,0,0
BRDA:9,1,1,1
BRDA:9,2,0,1
BRDA:9,2,1,1
BRF:4
BRH:4
end_of_record
